
 NX   Running target serve for 2 projects:

- hunt-the-bishomalo
- achievements-remote



> nx run achievements-remote:serve


> nx run hunt-the-bishomalo:serve

[42m[38;5;15m INFO [39m[49m [Federation SSE] Local reloader initialized with endpoint /@angular-architects/native-federation:build-notifications
[42m[38;5;15m INFO [39m[49m Building federation artefacts
[42m[38;5;15m INFO [39m[49m [Federation SSE] Local reloader initialized with endpoint /@angular-architects/native-federation:build-notifications
[42m[38;5;15m INFO [39m[49m Building federation artefacts
[42m[38;5;15m INFO [39m[49m Preparing shared npm packages for the platform browser-shared
[103m[30m NOTE [39m[49m This only needs to be done once, as results are cached
[103m[30m NOTE [39m[49m Skip packages you don't want to share in your federation config
[42m[38;5;15m INFO [39m[49m Preparing shared npm packages for the platform browser-shared
[103m[30m NOTE [39m[49m This only needs to be done once, as results are cached
[103m[30m NOTE [39m[49m Skip packages you don't want to share in your federation config
[33m❯[39m Building...
[32m✔[39m Building...
[37m[1mInitial chunk files[22m[2m | [22m[1mNames[22m        [2m | [22m [1mRaw size[22m
[32mpolyfills.js[37m       [2m | [22m[2mpolyfills[22m    [2m | [22m [36m98.73 kB[37m[2m | [22m
[32mmain.js[37m            [2m | [22m[2mmain[22m         [2m | [22m[36m275 bytes[37m[2m | [22m
[32mstyles.css[37m         [2m | [22m[2mstyles[22m       [2m | [22m[36m121 bytes[37m[2m | [22m
[1m [22m                  [2m | [22m[1mInitial total[22m[2m | [22m [1m99.13 kB[22m
[1mLazy chunk files[22m   [2m | [22m[1mNames[22m        [2m | [22m [1mRaw size[22m
[32mchunk-ZFZE6MTH.js[37m  [2m | [22m[2mbootstrap[22m    [2m | [22m [36m76.10 kB[37m[2m | [22m
Application bundle generation complete. [7.729 seconds] - 2026-03-23T12:37:23.949Z
[39m
[37mWatch mode enabled. Watching for file changes...[39m
[37mNOTE: Raw file sizes do not reflect development server per-request transformations.[39m
[2m12:37:24 PM[22m [36m[1m[vite][22m[39m [90m[2m(client)[22m[39m Re-optimizing dependencies because vite config has changed
  [32m➜[39m  [1mLocal[22m:   [36mhttp://localhost:[1m4201[22m/[39m
[33m❯[39m Building...
[32m✔[39m Building...
[37m[1mInitial chunk files[22m[2m | [22m[1mNames[22m        [2m | [22m [1mRaw size[22m
[32mpolyfills.js[37m       [2m | [22m[2mpolyfills[22m    [2m | [22m [36m98.73 kB[37m[2m | [22m
[32mstyles.css[37m         [2m | [22m[2mstyles[22m       [2m | [22m  [36m4.44 kB[37m[2m | [22m
[32mmain.js[37m            [2m | [22m[2mmain[22m         [2m | [22m[36m276 bytes[37m[2m | [22m
[1m [22m                  [2m | [22m[1mInitial total[22m[2m | [22m[1m103.45 kB[22m
[1mLazy chunk files[22m   [2m | [22m[1mNames[22m        [2m | [22m [1mRaw size[22m
[32mchunk-P6GEKKKZ.js[37m  [2m | [22m[2mbootstrap[22m    [2m | [22m [36m16.19 kB[37m[2m | [22m
[32mchunk-6SQLDPIH.js[37m  [2m | [22m[2mindex[22m        [2m | [22m [36m14.23 kB[37m[2m | [22m
Application bundle generation complete. [6.512 seconds] - 2026-03-23T12:37:37.955Z
[39m
[37mWatch mode enabled. Watching for file changes...[39m
[37mNOTE: Raw file sizes do not reflect development server per-request transformations.[39m
  [32m➜[39m  [1mLocal[22m:   [36mhttp://localhost:[1m4200[22m/[39m
[42m[38;5;15m INFO [39m[49m [Federation SSE] Client connected. Active connections: 1
[42m[38;5;15m INFO [39m[49m [Federation SSE] Client disconnected. Active connections: 0
[42m[38;5;15m INFO [39m[49m [Federation SSE] Client connected. Active connections: 1
[42m[38;5;15m INFO [39m[49m [Federation SSE] Client disconnected. Active connections: 0
[42m[38;5;15m INFO [39m[49m [Federation SSE] Client connected. Active connections: 1
[42m[38;5;15m INFO [39m[49m [Federation SSE] Client disconnected. Active connections: 0
[42m[38;5;15m INFO [39m[49m [Federation SSE] Client connected. Active connections: 1
[42m[38;5;15m INFO [39m[49m [Federation SSE] Client disconnected. Active connections: 0
[42m[38;5;15m INFO [39m[49m [Federation SSE] Client connected. Active connections: 1
[42m[38;5;15m INFO [39m[49m [Federation SSE] Client disconnected. Active connections: 0
[42m[38;5;15m INFO [39m[49m [Federation SSE] Client connected. Active connections: 1
[42m[38;5;15m INFO [39m[49m [Federation SSE] Client disconnected. Active connections: 0
[42m[38;5;15m INFO [39m[49m [Federation SSE] Client connected. Active connections: 1
[42m[38;5;15m INFO [39m[49m [Federation SSE] Client disconnected. Active connections: 0
[42m[38;5;15m INFO [39m[49m [Federation SSE] Client connected. Active connections: 1
[42m[38;5;15m INFO [39m[49m [Federation SSE] Client disconnected. Active connections: 0
[42m[38;5;15m INFO [39m[49m [Federation SSE] Client connected. Active connections: 1
[42m[38;5;15m INFO [39m[49m [Federation SSE] Client disconnected. Active connections: 0
[33m❯[39m Changes detected. Rebuilding...
[32m✔[39m Changes detected. Rebuilding...
[37m[1mInitial chunk files[22m[2m | [22m[1mNames[22m        [2m | [22m [1mRaw size[22m
[32mpolyfills.js[37m       [2m | [22m[2mpolyfills[22m    [2m | [22m [36m98.73 kB[37m[2m | [22m
[32mmain.js[37m            [2m | [22m[2mmain[22m         [2m | [22m[36m275 bytes[37m[2m | [22m
[32mstyles.css[37m         [2m | [22m[2mstyles[22m       [2m | [22m[36m121 bytes[37m[2m | [22m
[1m [22m                  [2m | [22m[1mInitial total[22m[2m | [22m [1m99.13 kB[22m
[1mLazy chunk files[22m   [2m | [22m[1mNames[22m        [2m | [22m [1mRaw size[22m
[32mchunk-ZFZE6MTH.js[37m  [2m | [22m[2mbootstrap[22m    [2m | [22m [36m76.10 kB[37m[2m | [22m
Application bundle generation complete. [4.754 seconds] - 2026-03-23T12:48:53.810Z
[39m
[42m[38;5;15m INFO [39m[49m Building federation artefacts
[42m[38;5;15m INFO [39m[49m Done!
[33m❯[39m Changes detected. Rebuilding...
[32m✔[39m Changes detected. Rebuilding...
[37m[1mInitial chunk files[22m[2m | [22m[1mNames[22m    [2m | [22m [1mRaw size[22m
[32mmain.js[37m            [2m | [22m[2mmain[22m     [2m | [22m[36m276 bytes[37m[2m | [22m
[1mLazy chunk files[22m   [2m | [22m[1mNames[22m    [2m | [22m [1mRaw size[22m
[32mchunk-GT7LSG4D.js[37m  [2m | [22m[2mbootstrap[22m[2m | [22m [36m16.18 kB[37m[2m | [22m
Application bundle generation complete. [4.316 seconds] - 2026-03-23T12:50:52.230Z
[39m
[37mPage reload sent to client(s).[39m
[42m[38;5;15m INFO [39m[49m Building federation artefacts
[42m[38;5;15m INFO [39m[49m Done!
[42m[38;5;15m INFO [39m[49m [Federation SSE] Client connected. Active connections: 1
[42m[38;5;15m INFO [39m[49m [Federation SSE] Client disconnected. Active connections: 0
[42m[38;5;15m INFO [39m[49m [Federation SSE] Client connected. Active connections: 1
[42m[38;5;15m INFO [39m[49m [Federation SSE] Client disconnected. Active connections: 0
[33m❯[39m Changes detected. Rebuilding...
[32m✔[39m Changes detected. Rebuilding...
[37m[1mInitial chunk files[22m[2m | [22m[1mNames[22m    [2m | [22m [1mRaw size[22m
[32mmain.js[37m            [2m | [22m[2mmain[22m     [2m | [22m[36m275 bytes[37m[2m | [22m
[1mLazy chunk files[22m   [2m | [22m[1mNames[22m    [2m | [22m [1mRaw size[22m
[32mchunk-HFTX5RIP.js[37m  [2m | [22m[2mbootstrap[22m[2m | [22m [36m76.21 kB[37m[2m | [22m
[32mchunk-65HPNV7Z.js[37m  [2m | [22m[2mindex[22m    [2m | [22m [36m36.28 kB[37m[2m | [22m
[32mchunk-DPJHZKBS.js[37m  [2m | [22m[2mindex[22m    [2m | [22m[36m647 bytes[37m[2m | [22m
Application bundle generation complete. [1.546 seconds] - 2026-03-23T13:27:45.484Z
[39m
[37mPage reload sent to client(s).[39m
[42m[38;5;15m INFO [39m[49m Building federation artefacts
[42m[38;5;15m INFO [39m[49m Done!
[33m❯[39m Changes detected. Rebuilding...
[32m✔[39m Changes detected. Rebuilding...
[37m[1mInitial chunk files[22m[2m | [22m[1mNames[22m    [2m | [22m [1mRaw size[22m
[32mmain.js[37m            [2m | [22m[2mmain[22m     [2m | [22m[36m275 bytes[37m[2m | [22m
[1mLazy chunk files[22m   [2m | [22m[1mNames[22m    [2m | [22m [1mRaw size[22m
[32mchunk-SRUVF672.js[37m  [2m | [22m[2mbootstrap[22m[2m | [22m  [36m4.03 kB[37m[2m | [22m
Application bundle generation complete. [0.899 seconds] - 2026-03-23T13:28:08.566Z
[39m
[37mPage reload sent to client(s).[39m
[42m[38;5;15m INFO [39m[49m Building federation artefacts
[42m[38;5;15m INFO [39m[49m Done!
[33m❯[39m Changes detected. Rebuilding...
[32m✔[39m Changes detected. Rebuilding...
[37m[1mInitial chunk files[22m[2m | [22m[1mNames[22m        [2m | [22m [1mRaw size[22m
[32mpolyfills.js[37m       [2m | [22m[2mpolyfills[22m    [2m | [22m [36m98.73 kB[37m[2m | [22m
[32mmain.js[37m            [2m | [22m[2mmain[22m         [2m | [22m[36m275 bytes[37m[2m | [22m
[32mstyles.css[37m         [2m | [22m[2mstyles[22m       [2m | [22m[36m121 bytes[37m[2m | [22m
[1m [22m                  [2m | [22m[1mInitial total[22m[2m | [22m [1m99.13 kB[22m
[1mLazy chunk files[22m   [2m | [22m[1mNames[22m        [2m | [22m [1mRaw size[22m
[32mchunk-65HPNV7Z.js[37m  [2m | [22m[2mindex[22m        [2m | [22m [36m36.28 kB[37m[2m | [22m
[32mchunk-SRUVF672.js[37m  [2m | [22m[2mbootstrap[22m    [2m | [22m  [36m4.03 kB[37m[2m | [22m
[32mchunk-DPJHZKBS.js[37m  [2m | [22m[2mindex[22m        [2m | [22m[36m647 bytes[37m[2m | [22m
Application bundle generation complete. [1.261 seconds] - 2026-03-23T13:29:55.383Z
[39m
[42m[38;5;15m INFO [39m[49m Building federation artefacts
[42m[38;5;15m INFO [39m[49m Done!
[42m[38;5;15m INFO [39m[49m [Federation SSE] Client connected. Active connections: 1
[42m[38;5;15m INFO [39m[49m [Federation SSE] Client disconnected. Active connections: 0
[42m[38;5;15m INFO [39m[49m [Federation SSE] Client connected. Active connections: 1
[42m[38;5;15m INFO [39m[49m [Federation SSE] Client disconnected. Active connections: 0
[42m[38;5;15m INFO [39m[49m [Federation SSE] Client connected. Active connections: 1
[42m[38;5;15m INFO [39m[49m [Federation SSE] Client disconnected. Active connections: 0
[42m[38;5;15m INFO [39m[49m [Federation SSE] Client connected. Active connections: 1
[42m[38;5;15m INFO [39m[49m [Federation SSE] Client disconnected. Active connections: 0
[42m[38;5;15m INFO [39m[49m [Federation SSE] Client connected. Active connections: 1
[42m[38;5;15m INFO [39m[49m [Federation SSE] Client disconnected. Active connections: 0
[42m[38;5;15m INFO [39m[49m [Federation SSE] Client connected. Active connections: 1
[42m[38;5;15m INFO [39m[49m [Federation SSE] Client disconnected. Active connections: 0
[42m[38;5;15m INFO [39m[49m [Federation SSE] Client connected. Active connections: 1
[42m[38;5;15m INFO [39m[49m [Federation SSE] Client disconnected. Active connections: 0
[42m[38;5;15m INFO [39m[49m [Federation SSE] Client connected. Active connections: 1
[42m[38;5;15m INFO [39m[49m [Federation SSE] Client disconnected. Active connections: 0
