
> @hunt-the-bishomalo/source@7.14.6 start
> nx serve


> nx run hunt-the-bishomalo:serve:development

[33m❯[39m Building...
[32m✔[39m Building...
[37m[1mInitial chunk files[22m[2m | [22m[1mNames[22m        [2m | [22m [1mRaw size[22m
[32mchunk-V5QE6ZFK.js[37m  [2m | [22m[2m-[22m            [2m | [22m[36m121.78 kB[37m[2m | [22m
[32mmain.js[37m            [2m | [22m[2mmain[22m         [2m | [22m [36m67.69 kB[37m[2m | [22m
[32mchunk-L7EJRF7J.js[37m  [2m | [22m[2m-[22m            [2m | [22m  [36m7.42 kB[37m[2m | [22m
[32mstyles.css[37m         [2m | [22m[2mstyles[22m       [2m | [22m  [36m4.44 kB[37m[2m | [22m
[32mchunk-GOMI4DH3.js[37m  [2m | [22m[2m-[22m            [2m | [22m  [36m1.37 kB[37m[2m | [22m
[32mchunk-HZDJTTBA.js[37m  [2m | [22m[2m-[22m            [2m | [22m[36m365 bytes[37m[2m | [22m
[32mchunk-ZNERT6KK.js[37m  [2m | [22m[2m-[22m            [2m | [22m[36m258 bytes[37m[2m | [22m
[32mchunk-3C2CH5EY.js[37m  [2m | [22m[2m-[22m            [2m | [22m[36m239 bytes[37m[2m | [22m
[1m [22m                  [2m | [22m[1mInitial total[22m[2m | [22m[1m203.57 kB[22m
[1mLazy chunk files[22m   [2m | [22m[1mNames[22m        [2m | [22m [1mRaw size[22m
[32mchunk-DF7XDXCQ.js[37m  [2m | [22m[2mindex[22m        [2m | [22m [36m39.59 kB[37m[2m | [22m
[32mchunk-QP2D5DBR.js[37m  [2m | [22m[2mindex[22m        [2m | [22m [36m35.68 kB[37m[2m | [22m
[32mchunk-BSQGVMCM.js[37m  [2m | [22m[2mindex[22m        [2m | [22m [36m35.16 kB[37m[2m | [22m
[32mchunk-MYOGG2DJ.js[37m  [2m | [22m[2mindex[22m        [2m | [22m [36m31.77 kB[37m[2m | [22m
[32mchunk-G5XFLDAR.js[37m  [2m | [22m[2mindex[22m        [2m | [22m [36m27.66 kB[37m[2m | [22m
[32mchunk-B4PEMATA.js[37m  [2m | [22m[2mindex[22m        [2m | [22m [36m27.22 kB[37m[2m | [22m
[32mchunk-5ZDCUC4M.js[37m  [2m | [22m[2mindex[22m        [2m | [22m [36m25.80 kB[37m[2m | [22m
[32mchunk-PTO4PELH.js[37m  [2m | [22m[2mindex[22m        [2m | [22m [36m23.38 kB[37m[2m | [22m
[32mch[39m[37munk-JYML4JUD.js[37m  [2m | [22m[2mindex[22m        [2m | [22m [36m23.13 kB[37m[2m | [22m
[32mchunk-TK6GV2NL.js[37m  [2m | [22m[2mindex[22m        [2m | [22m [36m15.04 kB[37m[2m | [22m
[32mchunk-YL7INKHV.js[37m  [2m | [22m[2mindex[22m        [2m | [22m [36m13.27 kB[37m[2m | [22m
[32mchunk-FSVQ2D2Y.js[37m  [2m | [22m[2m-[22m            [2m | [22m [36m10.06 kB[37m[2m | [22m
[32mchunk-AU3XK4H7.js[37m  [2m | [22m[2mindex[22m        [2m | [22m[36m391 bytes[37m[2m | [22m
[32mchunk-WN3WBW2T.js[37m  [2m | [22m[2mindex[22m        [2m | [22m[36m309 bytes[37m[2m | [22m
[32mchunk-NDOQV7J7.js[37m  [2m | [22m[2mindex[22m        [2m | [22m[36m309 bytes[37m[2m | [22m
[2m...and 7 more lazy chunks files. Use "--verbose" to show all the files.[22m
Application bundle generation complete. [6.439 seconds] - 2026-03-22T11:13:23.755Z
[39m
[37mWatch mode enabled. Watching for file changes...[39m
[37mNOTE: Raw file sizes do not reflect development server per-request transformations.[39m
  [32m➜[39m  [1mLocal[22m:   [36mhttp://localhost:[1m4200[22m/[39m
