$ nx serve

> nx run hunt-the-bishomalo:serve:development

[33m❯[39m Building...
[32m✔[39m Building...
[37m[1mInitial chunk files[22m[2m | [22m[1mNames[22m        [2m | [22m [1mRaw size[22m
[32mchunk-5UKA6M3K.js[37m  [2m | [22m[2m-[22m            [2m | [22m[36m177.29 kB[37m[2m | [22m
[32mchunk-IBVGKZVG.js[37m  [2m | [22m[2m-[22m            [2m | [22m [36m69.21 kB[37m[2m | [22m
[32mmain.js[37m            [2m | [22m[2mmain[22m         [2m | [22m [36m20.92 kB[37m[2m | [22m
[32mstyles.css[37m         [2m | [22m[2mstyles[22m       [2m | [22m  [36m4.18 kB[37m[2m | [22m
[32mchunk-MQ7LMNME.js[37m  [2m | [22m[2m-[22m            [2m | [22m  [36m1.76 kB[37m[2m | [22m
[32mchunk-GOMI4DH3.js[37m  [2m | [22m[2m-[22m            [2m | [22m  [36m1.37 kB[37m[2m | [22m
[1m [22m                  [2m | [22m[1mInitial total[22m[2m | [22m[1m274.74 kB[22m
[1mLazy chunk files[22m   [2m | [22m[1mNames[22m        [2m | [22m [1mRaw size[22m
[32mchunk-SYQLKRRL.js[37m  [2m | [22m[2mindex[22m        [2m | [22m[36m166.02 kB[37m[2m | [22m
[32mchunk-JZT22HXJ.js[37m  [2m | [22m[2mindex[22m        [2m | [22m [36m39.09 kB[37m[2m | [22m
[32mchunk-DNU3VDDU.js[37m  [2m | [22m[2mindex[22m        [2m | [22m[36m726 bytes[37m[2m | [22m
[32mchunk-UJVTKQCX.js[37m  [2m | [22m[2mindex[22m        [2m | [22m[36m309 bytes[37m[2m | [22m
Application bundle generation complete. [5.888 seconds] - 2026-03-14T12:44:41.123Z
[39m
[37mWatch mode enabled. Watching for file changes...[39m
[37mNOTE: Raw file sizes do not reflect development server per-request transformations.[39m
  [32m➜[39m  [1mLocal[22m:   [36mhttp://localhost:[1m4200[22m/[39m
