
 NX   Running target serve for 3 projects:

- hunt-the-bishomalo
- achievements-remote
- shop-remote



> nx run hunt-the-bishomalo:serve


> nx run achievements-remote:serve


> nx run shop-remote:serve

[42m[38;5;15m INFO [39m[49m [Federation SSE] Local reloader initialized with endpoint /@angular-architects/native-federation:build-notifications
[42m[38;5;15m INFO [39m[49m [Federation SSE] Local reloader initialized with endpoint /@angular-architects/native-federation:build-notifications
[42m[38;5;15m INFO [39m[49m Building federation artefacts
[42m[38;5;15m INFO [39m[49m Building federation artefacts
[42m[38;5;15m INFO [39m[49m [Federation SSE] Local reloader initialized with endpoint /@angular-architects/native-federation:build-notifications
[42m[38;5;15m INFO [39m[49m Building federation artefacts
[41m[38;5;15m ERRR [39m[49m Error building federation artefacts
[41m[38;5;15m ERRR [39m[49m ENOENT: no such file or directory, open 'dist/browser/remotes/shop-remote/browser/_hunt_the_bishomalo_game_api.js.map'
Task "shop-remote:serve" is continuous but exited with code 1
[41m[38;5;15m ERRR [39m[49m Error building federation artefacts
[41m[38;5;15m ERRR [39m[49m ENOENT: no such file or directory, open 'dist/browser/remotes/achievements-remote/browser/_hunt_the_bishomalo_achievements_api.js.map'
Task "achievements-remote:serve" is continuous but exited with code 1
[42m[38;5;15m INFO [39m[49m Preparing shared npm packages for the platform browser-shared
[103m[30m NOTE [39m[49m This only needs to be done once, as results are cached
[103m[30m NOTE [39m[49m Skip packages you don't want to share in your federation config
[33m❯[39m Building...
[32m✔[39m Building...
[37m[1mInitial chunk files[22m[2m | [22m[1mNames[22m        [2m | [22m [1mRaw size[22m
[32mpolyfills.js[37m       [2m | [22m[2mpolyfills[22m    [2m | [22m [36m98.73 kB[37m[2m | [22m
[32mstyles.css[37m         [2m | [22m[2mstyles[22m       [2m | [22m  [36m4.44 kB[37m[2m | [22m
[32mmain.js[37m            [2m | [22m[2mmain[22m         [2m | [22m[36m276 bytes[37m[2m | [22m
[1m [22m                  [2m | [22m[1mInitial total[22m[2m | [22m[1m103.45 kB[22m
[1mLazy chunk files[22m   [2m | [22m[1mNames[22m        [2m | [22m [1mRaw size[22m
[32mchunk-3SXCSS7S.js[37m  [2m | [22m[2mbootstrap[22m    [2m | [22m [36m17.73 kB[37m[2m | [22m
[32mchunk-6SQLDPIH.js[37m  [2m | [22m[2mindex[22m        [2m | [22m [36m14.23 kB[37m[2m | [22m
Application bundle generation complete. [6.280 seconds] - 2026-03-24T17:27:56.434Z
[39m
[37mWatch mode enabled. Watching for file changes...[39m
[37mNOTE: Raw file sizes do not reflect development server per-request transformations.[39m
  [32m➜[39m  [1mLocal[22m:   [36mhttp://localhost:[1m4200[22m/[39m
