libs/achievements/data-access/src/lib/achievement.service.ts(8,10): error TS2724: '"@hunt-the-bishomalo/game/api"' has no exported member named 'GameStore'. Did you mean 'GAME_STORE'?
libs/achievements/data-access/src/lib/achievement.service.ts(32,9): error TS2571: Object is of type 'unknown'.
libs/achievements/data-access/src/lib/achievement.service.ts(39,9): error TS2571: Object is of type 'unknown'.
libs/achievements/data-access/src/lib/achievement.service.ts(40,25): error TS2571: Object is of type 'unknown'.
libs/achievements/data-access/src/lib/achievement.service.ts(73,26): error TS2571: Object is of type 'unknown'.
libs/achievements/data-access/src/lib/achievement.service.ts(74,24): error TS2571: Object is of type 'unknown'.
libs/achievements/data-access/src/lib/achievement.service.ts(75,32): error TS2571: Object is of type 'unknown'.
libs/achievements/data-access/src/lib/achievement.service.ts(90,26): error TS2571: Object is of type 'unknown'.
libs/achievements/data-access/src/lib/achievement.service.ts(99,22): error TS2571: Object is of type 'unknown'.
libs/achievements/data-access/src/lib/achievement.service.ts(106,19): error TS2571: Object is of type 'unknown'.
libs/achievements/data-access/src/lib/achievement.service.ts(118,28): error TS2571: Object is of type 'unknown'.
libs/chars/src/lib/chars/characters.component.ts(6,10): error TS2724: '"@hunt-the-bishomalo/game/api"' has no exported member named 'GameStore'. Did you mean 'GAME_STORE'?
libs/chars/src/lib/chars/characters.component.ts(35,7): error TS2571: Object is of type 'unknown'.
libs/chars/src/lib/chars/characters.component.ts(36,28): error TS2571: Object is of type 'unknown'.
libs/config/src/lib/config/game-config.component.ts(5,10): error TS2305: Module '"@hunt-the-bishomalo/core"' has no exported member 'GameEngineService'.
libs/config/src/lib/config/game-config.component.ts(15,10): error TS2724: '"@hunt-the-bishomalo/game/api"' has no exported member named 'GameStore'. Did you mean 'GAME_STORE'?
libs/config/src/lib/config/game-config.component.ts(46,7): error TS2571: Object is of type 'unknown'.
libs/config/src/lib/config/game-config.component.ts(57,7): error TS2571: Object is of type 'unknown'.
libs/credits/src/lib/credits/end-credits.component.ts(6,10): error TS2305: Module '"@hunt-the-bishomalo/core"' has no exported member 'GameEngineService'.
libs/credits/src/lib/credits/end-credits.component.ts(76,5): error TS2571: Object is of type 'unknown'.
libs/game/api/src/index.ts(2,10): error TS2305: Module '"@hunt-the-bishomalo/game/data-access"' has no exported member 'GameStore'.
libs/game/api/src/index.ts(2,21): error TS2305: Module '"@hunt-the-bishomalo/game/data-access"' has no exported member 'GameEngineService'.
libs/game/api/src/index.ts(2,40): error TS2305: Module '"@hunt-the-bishomalo/game/data-access"' has no exported member 'KeyboardManagerService'.
libs/game/data-access/src/index.ts(1,15): error TS2307: Cannot find module './game-store' or its corresponding type declarations.
libs/game/data-access/src/index.ts(2,15): error TS2307: Cannot find module './game-engine.service' or its corresponding type declarations.
libs/game/data-access/src/index.ts(3,15): error TS2307: Cannot find module './game-event.service' or its corresponding type declarations.
libs/game/data-access/src/index.ts(4,15): error TS2307: Cannot find module './board-generator.service' or its corresponding type declarations.
libs/game/data-access/src/index.ts(5,15): error TS2307: Cannot find module './perception.service' or its corresponding type declarations.
libs/game/data-access/src/index.ts(6,15): error TS2307: Cannot find module './keyboard-manager.service' or its corresponding type declarations.
libs/game/data-access/src/index.ts(7,15): error TS2307: Cannot find module './features/config.feature' or its corresponding type declarations.
libs/game/data-access/src/index.ts(8,15): error TS2307: Cannot find module './features/game-status.feature' or its corresponding type declarations.
libs/game/data-access/src/index.ts(9,15): error TS2307: Cannot find module './features/hunter.feature' or its corresponding type declarations.
libs/game/feature/src/index.ts(1,15): error TS2307: Cannot find module './hunt-bisho.component' or its corresponding type declarations.
libs/game/feature/src/index.ts(2,15): error TS2307: Cannot find module './animations/attack/app-wumpus-attack-animation.component' or its corresponding type declarations.
libs/game/feature/src/index.ts(3,15): error TS2307: Cannot find module './animations/jedi/jedi-mind-trick-animation.component' or its corresponding type declarations.
libs/game/ui/src/index.ts(1,15): error TS2307: Cannot find module './cell/game-cell.component' or its corresponding type declarations.
libs/game/ui/src/index.ts(2,15): error TS2307: Cannot find module './controls/mobile-controls.component' or its corresponding type declarations.
libs/game/ui/src/index.ts(3,15): error TS2307: Cannot find module './message/game-message.component' or its corresponding type declarations.
libs/game/ui/src/index.ts(4,15): error TS2307: Cannot find module './lives/game-lives.component' or its corresponding type declarations.
libs/game/ui/src/index.ts(5,15): error TS2307: Cannot find module './level/game-level.component' or its corresponding type declarations.
libs/game/ui/src/index.ts(6,15): error TS2307: Cannot find module './blackout/blackout.component' or its corresponding type declarations.
libs/game/ui/src/index.ts(7,15): error TS2307: Cannot find module './visual-effect.directive' or its corresponding type declarations.
libs/gamestats/api/src/index.ts(2,10): error TS2305: Module '"@hunt-the-bishomalo/gamestats/data-access"' has no exported member 'LeaderboardService'.
libs/gamestats/data-access/src/index.ts(1,15): error TS2307: Cannot find module './leaderboard.service' or its corresponding type declarations.
libs/shop/api/src/index.ts(2,10): error TS2305: Module '"@hunt-the-bishomalo/shop/feature"' has no exported member 'ShopComponent'.
libs/shop/feature/src/index.ts(1,15): error TS2307: Cannot find module './shop.component' or its corresponding type declarations.
src/app/app.component.ts(6,39): error TS2307: Cannot find module './components/controls/game-controls.component' or its corresponding type declarations.
src/app/app.component.ts(7,10): error TS2724: '"@hunt-the-bishomalo/game/api"' has no exported member named 'GameStore'. Did you mean 'GAME_STORE'?
src/app/app.component.ts(8,10): error TS2459: Module '"@hunt-the-bishomalo/game/api"' declares 'KeyboardManagerService' locally, but it is not exported.
src/app/app.component.ts(23,5): error TS2571: Object is of type 'unknown'.
src/app/app.config.ts(9,10): error TS2724: '"@hunt-the-bishomalo/game/api"' has no exported member named 'GameStore'. Did you mean 'GAME_STORE'?
src/app/app.config.ts(13,36): error TS2307: Cannot find module '@hunt-the-bishomalo/gamestats' or its corresponding type declarations.
src/app/app.routes.ts(16,67): error TS2339: Property 'JediMindTrickAnimationComponent' does not exist on type 'typeof import("/app/src/app/components/index")'.
src/app/components/menu/menu.component.ts(4,10): error TS2459: Module '"@hunt-the-bishomalo/game/api"' declares 'GameEngineService' locally, but it is not exported.
src/app/components/menu/menu.component.ts(31,5): error TS2571: Object is of type 'unknown'.
src/app/guards/home.guard.ts(4,10): error TS2724: '"@hunt-the-bishomalo/game/api"' has no exported member named 'GameStore'. Did you mean 'GAME_STORE'?
src/app/guards/home.guard.ts(5,10): error TS2459: Module '"@hunt-the-bishomalo/game/api"' declares 'GameEngineService' locally, but it is not exported.
src/app/guards/home.guard.ts(12,23): error TS18046: 'gameStore' is of type 'unknown'.
src/app/guards/home.guard.ts(15,5): error TS18046: 'gameEngine' is of type 'unknown'.
src/app/pages/index.ts(3,10): error TS2305: Module '"@hunt-the-bishomalo/game/api"' has no exported member 'HuntBishoComponent'.
src/app/pages/index.ts(4,10): error TS2724: '"@hunt-the-bishomalo/shop/api"' has no exported member named 'ShopComponent'. Did you mean 'SHOP_COMPONENT'?
src/app/pages/index.ts(7,10): error TS2305: Module '"@hunt-the-bishomalo/gamestats/api"' has no exported member 'ResultsComponent'.
src/app/pages/index.ts(8,36): error TS2307: Cannot find module '@hunt-the-bishomalo/boss' or its corresponding type declarations.
